\BOOKMARK [1][-]{section*.1}{\376\377\000A\000b\000s\000t\000r\000a\000c\000t}{}% 1
\BOOKMARK [1][-]{section.1}{\376\377\000I\000n\000t\000r\000o\000d\000u\000c\000c\000i\000\363\000n}{}% 2
\BOOKMARK [2][-]{subsection.1.1}{\376\377\000O\000n\000t\000o\000l\000o\000g\000\355\000a\000s}{section.1}% 3
\BOOKMARK [2][-]{subsection.1.2}{\376\377\000F\000e\000n\000\363\000m\000e\000n\000o\000\040\000R\000a\000y\000n\000a\000u\000d}{section.1}% 4
\BOOKMARK [3][-]{subsubsection.1.2.1}{\376\377\000T\000i\000p\000o\000s\000\040\000d\000e\000\040\000R\000a\000y\000n\000a\000u\000d}{subsection.1.2}% 5
\BOOKMARK [2][-]{subsection.1.3}{\376\377\000N\000i\000v\000e\000l\000e\000s\000\040\000d\000e\000\040\000a\000s\000o\000c\000i\000a\000c\000i\000\363\000n}{section.1}% 6
\BOOKMARK [3][-]{subsubsection.1.3.1}{\376\377\000E\000n\000f\000e\000r\000m\000e\000d\000a\000d\000e\000s\000\040\000a\000s\000o\000c\000i\000a\000d\000a\000s}{subsection.1.3}% 7
\BOOKMARK [3][-]{subsubsection.1.3.2}{\376\377\000G\000e\000n\000e\000s\000\040\000a\000s\000o\000c\000i\000a\000d\000o\000s\000:}{subsection.1.3}% 8
\BOOKMARK [3][-]{subsubsection.1.3.3}{\376\377\000F\000i\000s\000i\000o\000p\000a\000t\000o\000l\000o\000g\000\355\000a}{subsection.1.3}% 9
\BOOKMARK [2][-]{subsection.1.4}{\376\377\000O\000b\000j\000e\000t\000i\000v\000o\000s}{section.1}% 10
\BOOKMARK [1][-]{section.2}{\376\377\000M\000a\000t\000e\000r\000i\000a\000l\000e\000s\000\040\000y\000\040\000m\000\351\000t\000o\000d\000o\000s}{}% 11
\BOOKMARK [2][-]{subsection.2.1}{\376\377\000O\000b\000t\000e\000n\000c\000i\000\363\000n\000\040\000d\000e\000\040\000l\000a\000\040\000r\000e\000d}{section.2}% 12
\BOOKMARK [2][-]{subsection.2.2}{\376\377\000C\000\341\000l\000c\000u\000l\000o\000\040\000d\000e\000\040\000c\000o\000m\000u\000n\000i\000d\000a\000d\000e\000s}{section.2}% 13
\BOOKMARK [2][-]{subsection.2.3}{\376\377\000E\000n\000r\000i\000q\000u\000e\000c\000i\000m\000i\000e\000n\000t\000o\000\040\000f\000u\000n\000c\000i\000o\000n\000a\000l}{section.2}% 14
\BOOKMARK [3][-]{subsubsection.2.3.1}{\376\377\000G\000O}{subsection.2.3}% 15
\BOOKMARK [3][-]{subsubsection.2.3.2}{\376\377\000K\000E\000G\000G}{subsection.2.3}% 16
\BOOKMARK [1][-]{section.3}{\376\377\000R\000e\000s\000u\000l\000t\000a\000d\000o\000s}{}% 17
\BOOKMARK [1][-]{section.4}{\376\377\000D\000i\000s\000c\000u\000s\000i\000\363\000n}{}% 18
\BOOKMARK [2][-]{subsection.4.1}{\376\377\000C\000o\000m\000u\000n\000i\000d\000a\000d\000\040\0002}{section.4}% 19
\BOOKMARK [2][-]{subsection.4.2}{\376\377\000C\000o\000m\000u\000n\000i\000d\000a\000d\000\040\0001}{section.4}% 20
\BOOKMARK [1][-]{section.5}{\376\377\000C\000o\000n\000c\000l\000u\000s\000i\000o\000n\000e\000s}{}% 21
