<<<<<<< Updated upstream
This is pdfTeX, Version 3.141592653-2.6-1.40.24 (MiKTeX 22.10) (preloaded format=pdflatex 2022.10.18)  18 OCT 2022 12:00
=======
This is pdfTeX, Version 3.141592653-2.6-1.40.24 (MiKTeX 22.10) (preloaded format=pdflatex 2022.10.18)  18 OCT 2022 10:00
>>>>>>> Stashed changes
entering extended mode
 restricted \write18 enabled.
 %&-line parsing enabled.
**./report.tex
(report.tex
LaTeX2e <2022-06-01> patch level 5
L3 programming layer <2022-09-28> (bmcart.cls
Document Class: bmcart 2017/07/31BioMed Central class (VS)
<<<<<<< Updated upstream
(C:\Users\juanc\AppData\Local\Programs\MiKTeX\tex/latex/base\article.cls
Document Class: article 2021/10/04 v1.4n Standard LaTeX document class
(C:\Users\juanc\AppData\Local\Programs\MiKTeX\tex/latex/base\size10.clo
=======
(C:\Users\Pepe Aldana\AppData\Local\Programs\MiKTeX\tex/latex/base\article.cls
Document Class: article 2021/10/04 v1.4n Standard LaTeX document class
(C:\Users\Pepe Aldana\AppData\Local\Programs\MiKTeX\tex/latex/base\size10.clo
>>>>>>> Stashed changes
File: size10.clo 2021/10/04 v1.4n Standard LaTeX file (size option)
)
\c@part=\count185
\c@section=\count186
\c@subsection=\count187
\c@subsubsection=\count188
\c@paragraph=\count189
\c@subparagraph=\count190
\c@figure=\count191
\c@table=\count192
\abovecaptionskip=\skip47
\belowcaptionskip=\skip48
\bibindent=\dimen138
)
\mathindent=\dimen139

<<<<<<< Updated upstream
(C:\Users\juanc\AppData\Local\Programs\MiKTeX\tex/latex/graphics\keyval.sty
Package: keyval 2022/05/29 v1.15 key=value parser (DPC)
\KV@toks@=\toks16
)
(C:\Users\juanc\AppData\Local\Programs\MiKTeX\tex/latex/xcolor\xcolor.sty
Package: xcolor 2022/06/12 v2.14 LaTeX color extensions (UK)

(C:\Users\juanc\AppData\Local\Programs\MiKTeX\tex/latex/graphics-cfg\color.cfg
=======
(C:\Users\Pepe Aldana\AppData\Local\Programs\MiKTeX\tex/latex/graphics\keyval.s
ty
Package: keyval 2022/05/29 v1.15 key=value parser (DPC)
\KV@toks@=\toks16
)
(C:\Users\Pepe Aldana\AppData\Local\Programs\MiKTeX\tex/latex/xcolor\xcolor.sty
Package: xcolor 2022/06/12 v2.14 LaTeX color extensions (UK)

(C:\Users\Pepe Aldana\AppData\Local\Programs\MiKTeX\tex/latex/graphics-cfg\colo
r.cfg
>>>>>>> Stashed changes
File: color.cfg 2016/01/02 v1.6 sample color configuration
)
Package xcolor Info: Driver file: pdftex.def on input line 227.

<<<<<<< Updated upstream
(C:\Users\juanc\AppData\Local\Programs\MiKTeX\tex/latex/graphics-def\pdftex.def
=======
(C:\Users\Pepe Aldana\AppData\Local\Programs\MiKTeX\tex/latex/graphics-def\pdft
ex.def
>>>>>>> Stashed changes
File: pdftex.def 2022/09/22 v1.2b Graphics/color driver for pdftex
\stockwidth=\dimen140
\stockheight=\dimen141
)
<<<<<<< Updated upstream
(C:\Users\juanc\AppData\Local\Programs\MiKTeX\tex/latex/graphics\mathcolor.ltx)
=======
(C:\Users\Pepe Aldana\AppData\Local\Programs\MiKTeX\tex/latex/graphics\mathcolo
r.ltx)
>>>>>>> Stashed changes
Package xcolor Info: Model `cmy' substituted by `cmy0' on input line 1353.
Package xcolor Info: Model `hsb' substituted by `rgb' on input line 1357.
Package xcolor Info: Model `RGB' extended on input line 1369.
Package xcolor Info: Model `HTML' substituted by `rgb' on input line 1371.
Package xcolor Info: Model `Hsb' substituted by `hsb' on input line 1372.
Package xcolor Info: Model `tHsb' substituted by `hsb' on input line 1373.
Package xcolor Info: Model `HSB' substituted by `hsb' on input line 1374.
Package xcolor Info: Model `Gray' substituted by `gray' on input line 1375.
Package xcolor Info: Model `wave' substituted by `hsb' on input line 1376.
<<<<<<< Updated upstream
) (C:\Users\juanc\AppData\Local\Programs\MiKTeX\tex/latex/lastpage\lastpage.sty
=======
)
(C:\Users\Pepe Aldana\AppData\Local\Programs\MiKTeX\tex/latex/lastpage\lastpage
.sty
>>>>>>> Stashed changes
Package: lastpage 2021/09/03 v1.2n Refers to last page's name (HMM; JPG)
)
\c@thanks=\count193
\bmcfloat@box=\box51
\c@author=\count194
\c@address=\count195
\sv@mathsurround=\dimen142
\fm@box=\box52
\c@addressref=\count196
\thanks@box=\box53
\abstract@box=\box54
\authors@list=\toks17
\keywords@list=\toks18
<<<<<<< Updated upstream
) (C:\Users\juanc\AppData\Local\Programs\MiKTeX\tex/latex/amscls\amsthm.sty
=======
)
(C:\Users\Pepe Aldana\AppData\Local\Programs\MiKTeX\tex/latex/amscls\amsthm.sty
>>>>>>> Stashed changes
Package: amsthm 2020/05/29 v2.20.6
\thm@style=\toks19
\thm@bodyfont=\toks20
\thm@headfont=\toks21
\thm@notefont=\toks22
\thm@headpunct=\toks23
\thm@preskip=\skip49
\thm@postskip=\skip50
\thm@headsep=\skip51
\dth@everypar=\toks24
)
<<<<<<< Updated upstream
(C:\Users\juanc\AppData\Local\Programs\MiKTeX\tex/latex/amsmath\amsmath.sty
=======
(C:\Users\Pepe Aldana\AppData\Local\Programs\MiKTeX\tex/latex/amsmath\amsmath.s
ty
>>>>>>> Stashed changes
Package: amsmath 2022/04/08 v2.17n AMS math features
\@mathmargin=\skip52

For additional information on amsmath, use the `?' option.
<<<<<<< Updated upstream
(C:\Users\juanc\AppData\Local\Programs\MiKTeX\tex/latex/amsmath\amstext.sty
Package: amstext 2021/08/26 v2.01 AMS text

(C:\Users\juanc\AppData\Local\Programs\MiKTeX\tex/latex/amsmath\amsgen.sty
=======

(C:\Users\Pepe Aldana\AppData\Local\Programs\MiKTeX\tex/latex/amsmath\amstext.s
ty
Package: amstext 2021/08/26 v2.01 AMS text

(C:\Users\Pepe Aldana\AppData\Local\Programs\MiKTeX\tex/latex/amsmath\amsgen.st
y
>>>>>>> Stashed changes
File: amsgen.sty 1999/11/30 v2.0 generic functions
\@emptytoks=\toks25
\ex@=\dimen143
))
<<<<<<< Updated upstream
(C:\Users\juanc\AppData\Local\Programs\MiKTeX\tex/latex/amsmath\amsbsy.sty
Package: amsbsy 1999/11/29 v1.2d Bold Symbols
\pmbraise@=\dimen144
)
(C:\Users\juanc\AppData\Local\Programs\MiKTeX\tex/latex/amsmath\amsopn.sty
=======
(C:\Users\Pepe Aldana\AppData\Local\Programs\MiKTeX\tex/latex/amsmath\amsbsy.st
y
Package: amsbsy 1999/11/29 v1.2d Bold Symbols
\pmbraise@=\dimen144
)
(C:\Users\Pepe Aldana\AppData\Local\Programs\MiKTeX\tex/latex/amsmath\amsopn.st
y
>>>>>>> Stashed changes
Package: amsopn 2022/04/08 v2.04 operator names
)
\inf@bad=\count197
LaTeX Info: Redefining \frac on input line 234.
\uproot@=\count198
\leftroot@=\count199
LaTeX Info: Redefining \overline on input line 399.
LaTeX Info: Redefining \colon on input line 410.
\classnum@=\count266
\DOTSCASE@=\count267
LaTeX Info: Redefining \ldots on input line 496.
LaTeX Info: Redefining \dots on input line 499.
LaTeX Info: Redefining \cdots on input line 620.
\Mathstrutbox@=\box55
\strutbox@=\box56
LaTeX Info: Redefining \big on input line 722.
LaTeX Info: Redefining \Big on input line 723.
LaTeX Info: Redefining \bigg on input line 724.
LaTeX Info: Redefining \Bigg on input line 725.
\big@size=\dimen145
LaTeX Font Info:    Redeclaring font encoding OML on input line 743.
LaTeX Font Info:    Redeclaring font encoding OMS on input line 744.
\macc@depth=\count268
LaTeX Info: Redefining \bmod on input line 905.
LaTeX Info: Redefining \pmod on input line 910.
LaTeX Info: Redefining \smash on input line 940.
LaTeX Info: Redefining \relbar on input line 970.
LaTeX Info: Redefining \Relbar on input line 971.
\c@MaxMatrixCols=\count269
\dotsspace@=\muskip16
\c@parentequation=\count270
\dspbrk@lvl=\count271
\tag@help=\toks26
\row@=\count272
\column@=\count273
\maxfields@=\count274
\andhelp@=\toks27
\eqnshift@=\dimen146
\alignsep@=\dimen147
\tagshift@=\dimen148
\tagwidth@=\dimen149
\totwidth@=\dimen150
\lineht@=\dimen151
\@envbody=\toks28
\multlinegap=\skip53
\multlinetaggap=\skip54
\mathdisplay@stack=\toks29
LaTeX Info: Redefining \[ on input line 2953.
LaTeX Info: Redefining \] on input line 2954.
)
<<<<<<< Updated upstream
(C:\Users\juanc\AppData\Local\Programs\MiKTeX\tex/latex/graphics\graphicx.sty
Package: graphicx 2021/09/16 v1.2d Enhanced LaTeX Graphics (DPC,SPQR)

(C:\Users\juanc\AppData\Local\Programs\MiKTeX\tex/latex/graphics\graphics.sty
Package: graphics 2022/03/10 v1.4e Standard LaTeX Graphics (DPC,SPQR)

(C:\Users\juanc\AppData\Local\Programs\MiKTeX\tex/latex/graphics\trig.sty
Package: trig 2021/08/11 v1.11 sin cos tan (DPC)
)
(C:\Users\juanc\AppData\Local\Programs\MiKTeX\tex/latex/graphics-cfg\graphics.c
fg
=======
(C:\Users\Pepe Aldana\AppData\Local\Programs\MiKTeX\tex/latex/graphics\graphicx
.sty
Package: graphicx 2021/09/16 v1.2d Enhanced LaTeX Graphics (DPC,SPQR)

(C:\Users\Pepe Aldana\AppData\Local\Programs\MiKTeX\tex/latex/graphics\graphics
.sty
Package: graphics 2022/03/10 v1.4e Standard LaTeX Graphics (DPC,SPQR)

(C:\Users\Pepe Aldana\AppData\Local\Programs\MiKTeX\tex/latex/graphics\trig.sty
Package: trig 2021/08/11 v1.11 sin cos tan (DPC)
)
(C:\Users\Pepe Aldana\AppData\Local\Programs\MiKTeX\tex/latex/graphics-cfg\grap
hics.cfg
>>>>>>> Stashed changes
File: graphics.cfg 2016/06/04 v1.11 sample graphics configuration
)
Package graphics Info: Driver file: pdftex.def on input line 107.
)
\Gin@req@height=\dimen152
\Gin@req@width=\dimen153
<<<<<<< Updated upstream
) (C:\Users\juanc\AppData\Local\Programs\MiKTeX\tex/latex/base\inputenc.sty
=======
)
(C:\Users\Pepe Aldana\AppData\Local\Programs\MiKTeX\tex/latex/base\inputenc.sty
>>>>>>> Stashed changes
Package: inputenc 2021/02/14 v1.3d Input encoding file
\inpenc@prehook=\toks30
\inpenc@posthook=\toks31
)
<<<<<<< Updated upstream
(C:\Users\juanc\AppData\Local\Programs\MiKTeX\tex/latex/l3backend\l3backend-pdf
tex.def
=======
(C:\Users\Pepe Aldana\AppData\Local\Programs\MiKTeX\tex/latex/l3backend\l3backe
nd-pdftex.def
>>>>>>> Stashed changes
File: l3backend-pdftex.def 2022-09-28 L3 backend support: PDF output (pdfTeX)
\l__color_backend_stack_int=\count275
\l__pdf_internal_box=\box57
) (report.aux)
\openout1 = `report.aux'.

LaTeX Font Info:    Checking defaults for OML/cmm/m/it on input line 25.
LaTeX Font Info:    ... okay on input line 25.
LaTeX Font Info:    Checking defaults for OMS/cmsy/m/n on input line 25.
LaTeX Font Info:    ... okay on input line 25.
LaTeX Font Info:    Checking defaults for OT1/cmr/m/n on input line 25.
LaTeX Font Info:    ... okay on input line 25.
LaTeX Font Info:    Checking defaults for T1/cmr/m/n on input line 25.
LaTeX Font Info:    ... okay on input line 25.
LaTeX Font Info:    Checking defaults for TS1/cmr/m/n on input line 25.
LaTeX Font Info:    ... okay on input line 25.
LaTeX Font Info:    Checking defaults for OMX/cmex/m/n on input line 25.
LaTeX Font Info:    ... okay on input line 25.
LaTeX Font Info:    Checking defaults for U/cmr/m/n on input line 25.
LaTeX Font Info:    ... okay on input line 25.

<<<<<<< Updated upstream
(C:\Users\juanc\AppData\Local\Programs\MiKTeX\tex/context/base/mkii\supp-pdf.mk
ii
=======
(C:\Users\Pepe Aldana\AppData\Local\Programs\MiKTeX\tex/context/base/mkii\supp-
pdf.mkii
>>>>>>> Stashed changes
[Loading MPS to PDF converter (version 2006.09.02).]
\scratchcounter=\count276
\scratchdimen=\dimen154
\scratchbox=\box58
\nofMPsegments=\count277
\nofMParguments=\count278
\everyMPshowfont=\toks32
\MPscratchCnt=\count279
\MPscratchDim=\dimen155
\MPnumerator=\count280
\makeMPintoPDFobject=\count281
\everyMPtoPDFconversion=\toks33
)
<<<<<<< Updated upstream
(C:\Users\juanc\AppData\Local\Programs\MiKTeX\tex/latex/epstopdf-pkg\epstopdf-b
ase.sty
Package: epstopdf-base 2020-01-24 v2.11 Base part for package epstopdf

(C:\Users\juanc\AppData\Local\Programs\MiKTeX\tex/generic/infwarerr\infwarerr.s
ty
Package: infwarerr 2019/12/03 v1.5 Providing info/warning/error messages (HO)
) (C:\Users\juanc\AppData\Local\Programs\MiKTeX\tex/latex/grfext\grfext.sty
Package: grfext 2019/12/03 v1.3 Manage graphics extensions (HO)

(C:\Users\juanc\AppData\Local\Programs\MiKTeX\tex/generic/kvdefinekeys\kvdefine
keys.sty
Package: kvdefinekeys 2019-12-19 v1.6 Define keys (HO)
))
(C:\Users\juanc\AppData\Local\Programs\MiKTeX\tex/latex/kvoptions\kvoptions.sty
Package: kvoptions 2022-06-15 v3.15 Key value format for package options (HO)
(C:\Users\juanc\AppData\Local\Programs\MiKTeX\tex/generic/ltxcmds\ltxcmds.sty
Package: ltxcmds 2020-05-10 v1.25 LaTeX kernel commands for general use (HO)
)
(C:\Users\juanc\AppData\Local\Programs\MiKTeX\tex/latex/kvsetkeys\kvsetkeys.sty
Package: kvsetkeys 2022-10-05 v1.19 Key value parser (HO)
))
(C:\Users\juanc\AppData\Local\Programs\MiKTeX\tex/generic/pdftexcmds\pdftexcmds
.sty
Package: pdftexcmds 2020-06-27 v0.33 Utility functions of pdfTeX for LuaTeX (HO
)
 (C:\Users\juanc\AppData\Local\Programs\MiKTeX\tex/generic/iftex\iftex.sty
=======
(C:\Users\Pepe Aldana\AppData\Local\Programs\MiKTeX\tex/latex/epstopdf-pkg\epst
opdf-base.sty
Package: epstopdf-base 2020-01-24 v2.11 Base part for package epstopdf

(C:\Users\Pepe Aldana\AppData\Local\Programs\MiKTeX\tex/generic/infwarerr\infwa
rerr.sty
Package: infwarerr 2019/12/03 v1.5 Providing info/warning/error messages (HO)
)
(C:\Users\Pepe Aldana\AppData\Local\Programs\MiKTeX\tex/latex/grfext\grfext.sty
Package: grfext 2019/12/03 v1.3 Manage graphics extensions (HO)

(C:\Users\Pepe Aldana\AppData\Local\Programs\MiKTeX\tex/generic/kvdefinekeys\kv
definekeys.sty
Package: kvdefinekeys 2019-12-19 v1.6 Define keys (HO)
))
(C:\Users\Pepe Aldana\AppData\Local\Programs\MiKTeX\tex/latex/kvoptions\kvoptio
ns.sty
Package: kvoptions 2022-06-15 v3.15 Key value format for package options (HO)

(C:\Users\Pepe Aldana\AppData\Local\Programs\MiKTeX\tex/generic/ltxcmds\ltxcmds
.sty
Package: ltxcmds 2020-05-10 v1.25 LaTeX kernel commands for general use (HO)
)
(C:\Users\Pepe Aldana\AppData\Local\Programs\MiKTeX\tex/latex/kvsetkeys\kvsetke
ys.sty
Package: kvsetkeys 2022-10-05 v1.19 Key value parser (HO)
))
(C:\Users\Pepe Aldana\AppData\Local\Programs\MiKTeX\tex/generic/pdftexcmds\pdft
excmds.sty
Package: pdftexcmds 2020-06-27 v0.33 Utility functions of pdfTeX for LuaTeX (HO
)

(C:\Users\Pepe Aldana\AppData\Local\Programs\MiKTeX\tex/generic/iftex\iftex.sty
>>>>>>> Stashed changes
Package: iftex 2022/02/03 v1.0f TeX engine tests
)
Package pdftexcmds Info: \pdf@primitive is available.
Package pdftexcmds Info: \pdf@ifprimitive is available.
Package pdftexcmds Info: \pdfdraftmode found.
)
Package epstopdf-base Info: Redefining graphics rule for `.eps' on input line 4
85.
Package grfext Info: Graphics extension search list:
(grfext)             [.pdf,.png,.jpg,.mps,.jpeg,.jbig2,.jb2,.PDF,.PNG,.JPG,.JPE
G,.JBIG2,.JB2,.eps]
(grfext)             \AppendGraphicsExtensions on input line 504.

<<<<<<< Updated upstream
(C:\Users\juanc\AppData\Local\Programs\MiKTeX\tex/latex/00miktex\epstopdf-sys.c
fg
=======
(C:\Users\Pepe Aldana\AppData\Local\Programs\MiKTeX\tex/latex/00miktex\epstopdf
-sys.cfg
>>>>>>> Stashed changes
File: epstopdf-sys.cfg 2021/03/18 v2.0 Configuration of epstopdf for MiKTeX
))
Package lastpage Info: Please have a look at the pageslts package at
(lastpage)             https://www.ctan.org/pkg/pageslts
(lastpage)             ! on input line 25.


LaTeX Font Warning: Font shape `OT1/cmss/bx/n' in size <13> not available
(Font)              size <12> substituted on input line 30.


LaTeX Font Warning: Font shape `OT1/cmss/m/n' in size <24> not available
(Font)              size <24.88> substituted on input line 36.

LaTeX Font Info:    Calculating math sizes for size <11> on input line 47.

LaTeX Font Warning: Font shape `OT1/cmr/m/n' in size <5.5> not available
(Font)              size <5> substituted on input line 47.


LaTeX Font Warning: Font shape `OML/cmm/m/it' in size <5.5> not available
(Font)              size <5> substituted on input line 47.


LaTeX Font Warning: Font shape `OMS/cmsy/m/n' in size <5.5> not available
(Font)              size <5> substituted on input line 47.

\address@aff1=\toks34
<<<<<<< Updated upstream
=======

LaTeX Warning: Citation `koon' on page 1 undefined on input line 134.


LaTeX Warning: Citation `xjon' on page 1 undefined on input line 134.


LaTeX Warning: Citation `marg' on page 1 undefined on input line 134.


LaTeX Warning: Citation `schn' on page 1 undefined on input line 134.


LaTeX Warning: Citation `koha' on page 1 undefined on input line 134.


LaTeX Warning: Citation `issnic' on page 1 undefined on input line 134.

>>>>>>> Stashed changes
<figures/Sequencing_Cost_per_Genome_May2020.jpg, id=1, 963.6pt x 542.32613pt>
File: figures/Sequencing_Cost_per_Genome_May2020.jpg Graphic file (type jpg)
<use figures/Sequencing_Cost_per_Genome_May2020.jpg>
Package pdftex.def Info: figures/Sequencing_Cost_per_Genome_May2020.jpg  used o
n input line 145.
(pdftex.def)             Requested size: 324.8978pt x 182.84924pt.

LaTeX Warning: `!h' float specifier changed to `!ht'.

<figures/Sequencing_Cost_per_Megabase_May2020.jpg, id=2, 963.6pt x 542.32613pt>

File: figures/Sequencing_Cost_per_Megabase_May2020.jpg Graphic file (type jpg)
<use figures/Sequencing_Cost_per_Megabase_May2020.jpg>
Package pdftex.def Info: figures/Sequencing_Cost_per_Megabase_May2020.jpg  used
 on input line 151.
(pdftex.def)             Requested size: 324.8978pt x 182.84924pt.

LaTeX Warning: `!h' float specifier changed to `!ht'.

<<<<<<< Updated upstream
LaTeX Font Info:    Font shape `OT1/cmss/m/it' in size <8> not available
(Font)              Font shape `OT1/cmss/m/sl' tried instead on input line 188.

[1{C:/Users/juanc/AppData/Local/MiKTeX/fonts/map/pdftex/pdftex.map}

]
(tex_files/introduction.tex) (tex_files/material_methods.tex)
=======
(tex_files/introduction.tex
LaTeX Font Info:    Font shape `OT1/cmss/m/it' in size <8> not available
(Font)              Font shape `OT1/cmss/m/sl' tried instead on input line 1.
 [1{C:/Users/Pepe Aldana/AppData/Local/MiKTeX/fonts/map/pdftex/pdftex.map}

]) (tex_files/material_methods.tex)
>>>>>>> Stashed changes
(tex_files/resultados.tex) (tex_files/discusion.tex)
(tex_files/conclusiones.tex) [2 <./figures/Sequencing_Cost_per_Genome_May2020.j
pg> <./figures/Sequencing_Cost_per_Megabase_May2020.jpg>] (report.bbl)

AED: lastpage setting LastPage
[3] (report.aux)

LaTeX Font Warning: Size substitutions with differences
(Font)              up to 1.0pt have occurred.

<<<<<<< Updated upstream
 ) 
Here is how much of TeX's memory you used:
 3945 strings out of 475385
 63904 string characters out of 2776906
 416082 words of memory out of 3000000
 25262 multiletter control sequences out of 15000+600000
 477576 words of font info for 57 fonts, out of 8000000 for 9000
 1141 hyphenation exceptions out of 8191
 60i,13n,67p,254b,354s stack positions out of 10000i,1000n,20000p,200000b,80000s
<C:/Users/juanc/AppData/Local/Programs/MiKTeX/fonts/type1/public/amsfonts/cm/
cmex10.pfb><C:/Users/juanc/AppData/Local/Programs/MiKTeX/fonts/type1/public/ams
fonts/cm/cmmi10.pfb><C:/Users/juanc/AppData/Local/Programs/MiKTeX/fonts/type1/p
ublic/amsfonts/cm/cmmi7.pfb><C:/Users/juanc/AppData/Local/Programs/MiKTeX/fonts
/type1/public/amsfonts/cm/cmr10.pfb><C:/Users/juanc/AppData/Local/Programs/MiKT
eX/fonts/type1/public/amsfonts/cm/cmr5.pfb><C:/Users/juanc/AppData/Local/Progra
ms/MiKTeX/fonts/type1/public/amsfonts/cm/cmr7.pfb><C:/Users/juanc/AppData/Local
/Programs/MiKTeX/fonts/type1/public/amsfonts/cm/cmss10.pfb><C:/Users/juanc/AppD
ata/Local/Programs/MiKTeX/fonts/type1/public/amsfonts/cm/cmss17.pfb><C:/Users/j
uanc/AppData/Local/Programs/MiKTeX/fonts/type1/public/amsfonts/cm/cmss8.pfb><C:
/Users/juanc/AppData/Local/Programs/MiKTeX/fonts/type1/public/amsfonts/cm/cmssb
x10.pfb><C:/Users/juanc/AppData/Local/Programs/MiKTeX/fonts/type1/public/amsfon
ts/cm/cmsy10.pfb><C:/Users/juanc/AppData/Local/Programs/MiKTeX/fonts/type1/publ
ic/amsfonts/cm/cmsy7.pfb><C:/Users/juanc/AppData/Local/Programs/MiKTeX/fonts/ty
pe1/public/amsfonts/cm/cmti10.pfb>
Output written on report.pdf (3 pages, 1129416 bytes).
PDF statistics:
 79 PDF objects out of 1000 (max. 8388607)
=======

LaTeX Warning: There were undefined references.

 ) 
Here is how much of TeX's memory you used:
 3899 strings out of 475385
 63680 string characters out of 2774038
 416073 words of memory out of 3000000
 25215 multiletter control sequences out of 15000+600000
 477884 words of font info for 58 fonts, out of 8000000 for 9000
 1141 hyphenation exceptions out of 8191
 60i,13n,67p,254b,354s stack positions out of 10000i,1000n,20000p,200000b,80000s
<C:/Users/Pepe Aldana/AppData/Local/Programs/MiKTeX/fonts/type1/public/amsfon
ts/cm/cmbx10.pfb><C:/Users/Pepe Aldana/AppData/Local/Programs/MiKTeX/fonts/type
1/public/amsfonts/cm/cmex10.pfb><C:/Users/Pepe Aldana/AppData/Local/Programs/Mi
KTeX/fonts/type1/public/amsfonts/cm/cmmi10.pfb><C:/Users/Pepe Aldana/AppData/Lo
cal/Programs/MiKTeX/fonts/type1/public/amsfonts/cm/cmmi7.pfb><C:/Users/Pepe Ald
ana/AppData/Local/Programs/MiKTeX/fonts/type1/public/amsfonts/cm/cmr10.pfb><C:/
Users/Pepe Aldana/AppData/Local/Programs/MiKTeX/fonts/type1/public/amsfonts/cm/
cmr5.pfb><C:/Users/Pepe Aldana/AppData/Local/Programs/MiKTeX/fonts/type1/public
/amsfonts/cm/cmr7.pfb><C:/Users/Pepe Aldana/AppData/Local/Programs/MiKTeX/fonts
/type1/public/amsfonts/cm/cmss10.pfb><C:/Users/Pepe Aldana/AppData/Local/Progra
ms/MiKTeX/fonts/type1/public/amsfonts/cm/cmss17.pfb><C:/Users/Pepe Aldana/AppDa
ta/Local/Programs/MiKTeX/fonts/type1/public/amsfonts/cm/cmss8.pfb><C:/Users/Pep
e Aldana/AppData/Local/Programs/MiKTeX/fonts/type1/public/amsfonts/cm/cmssbx10.
pfb><C:/Users/Pepe Aldana/AppData/Local/Programs/MiKTeX/fonts/type1/public/amsf
onts/cm/cmsy10.pfb><C:/Users/Pepe Aldana/AppData/Local/Programs/MiKTeX/fonts/ty
pe1/public/amsfonts/cm/cmsy7.pfb><C:/Users/Pepe Aldana/AppData/Local/Programs/M
iKTeX/fonts/type1/public/amsfonts/cm/cmti10.pfb>
Output written on report.pdf (3 pages, 1133114 bytes).
PDF statistics:
 84 PDF objects out of 1000 (max. 8388607)
>>>>>>> Stashed changes
 0 named destinations out of 1000 (max. 500000)
 11 words of extra memory for PDF output out of 10000 (max. 10000000)

